Build started 08-May-17 17:35:08.
     1>Project "C:\Users\User\Documents\magshimim\עקרונות מתקדמים\פרויקט סוף\ProjectEnd\ProjectEndClient\ProjectEndClient.vcxproj" on node 3 (Build target(s)).
     1>ClCompile:
         C:\Program Files (x86)\Microsoft Visual Studio 12.0\VC\bin\CL.exe /c /ZI /nologo /W3 /WX- /sdl /Od /Oy- /D _MBCS /Gm /EHsc /RTC1 /MDd /GS /fp:precise /Zc:wchar_t /Zc:forScope /Fo"Debug\\" /Fd"Debug\vc120.pdb" /Gd /TP /analyze- /errorReport:prompt ClientNetwork.cpp Source.cpp
         Source.cpp
         ClientNetwork.cpp
     1>c:\users\user\documents\magshimim\עקרונות מתקדמים\פרויקט סוף\projectend\projectendclient\clientnetwork.cpp(96): fatal error C1075: end of file found before the left brace '{' at 'c:\users\user\documents\magshimim\עקרונות מתקדמים\פרויקט סוף\projectend\projectendclient\clientnetwork.cpp(3)' was matched
         Generating Code...
     1>Done Building Project "C:\Users\User\Documents\magshimim\עקרונות מתקדמים\פרויקט סוף\ProjectEnd\ProjectEndClient\ProjectEndClient.vcxproj" (Build target(s)) -- FAILED.

Build FAILED.

Time Elapsed 00:00:01.46
